# JRE version: Java(TM) SE Runtime Environment (8.0_241-b07) (build 1.8.0_241-b07)
# Java VM: Java HotSpot(TM) 64-Bit Server VM (25.241-b07 mixed mode windows-amd64 compressed oops)
Heap:
 PSYoungGen      total 31744K, used 16055K [0x00000000eda00000, 0x00000000efb00000, 0x0000000100000000)
  eden space 29696K, 54% used [0x00000000eda00000,0x00000000ee9addf0,0x00000000ef700000)
  from space 2048K, 0% used [0x00000000ef900000,0x00000000ef900000,0x00000000efb00000)
  to   space 2048K, 0% used [0x00000000ef700000,0x00000000ef700000,0x00000000ef900000)
 ParOldGen       total 32768K, used 6630K [0x00000000c8e00000, 0x00000000cae00000, 0x00000000eda00000)
  object space 32768K, 20% used [0x00000000c8e00000,0x00000000c9479b08,0x00000000cae00000)
 Metaspace       used 21664K, capacity 22810K, committed 23040K, reserved 1069056K
  class space    used 2734K, capacity 2967K, committed 3072K, reserved 1048576K
GC Heap History (10 events):
Event: 3.228 GC heap before
{Heap before GC invocations=3 (full 0):
 PSYoungGen      total 16896K, used 16885K [0x00000000eda00000, 0x00000000eec80000, 0x0000000100000000)
  eden space 14848K, 100% used [0x00000000eda00000,0x00000000ee880000,0x00000000ee880000)
  from space 2048K, 99% used [0x00000000eea80000,0x00000000eec7d6b8,0x00000000eec80000)
  to   space 2048K, 0% used [0x00000000ee880000,0x00000000ee880000,0x00000000eea80000)
 ParOldGen       total 38400K, used 1676K [0x00000000c8e00000, 0x00000000cb380000, 0x00000000eda00000)
  object space 38400K, 4% used [0x00000000c8e00000,0x00000000c8fa3368,0x00000000cb380000)
 Metaspace       used 11641K, capacity 12280K, committed 12416K, reserved 1060864K
  class space    used 1444K, capacity 1598K, committed 1664K, reserved 1048576K
Event: 3.252 GC heap after
Heap after GC invocations=3 (full 0):
 PSYoungGen      total 16896K, used 2025K [0x00000000eda00000, 0x00000000efb00000, 0x0000000100000000)
  eden space 14848K, 0% used [0x00000000eda00000,0x00000000eda00000,0x00000000ee880000)
  from space 2048K, 98% used [0x00000000ee880000,0x00000000eea7a520,0x00000000eea80000)
  to   space 2048K, 0% used [0x00000000ef900000,0x00000000ef900000,0x00000000efb00000)
 ParOldGen       total 38400K, used 3753K [0x00000000c8e00000, 0x00000000cb380000, 0x00000000eda00000)
  object space 38400K, 9% used [0x00000000c8e00000,0x00000000c91aa7f0,0x00000000cb380000)
 Metaspace       used 11641K, capacity 12280K, committed 12416K, reserved 1060864K
  class space    used 1444K, capacity 1598K, committed 1664K, reserved 1048576K
}
Event: 3.599 GC heap before
{Heap before GC invocations=4 (full 0):
 PSYoungGen      total 16896K, used 16873K [0x00000000eda00000, 0x00000000efb00000, 0x0000000100000000)
  eden space 14848K, 100% used [0x00000000eda00000,0x00000000ee880000,0x00000000ee880000)
  from space 2048K, 98% used [0x00000000ee880000,0x00000000eea7a520,0x00000000eea80000)
  to   space 2048K, 0% used [0x00000000ef900000,0x00000000ef900000,0x00000000efb00000)
 ParOldGen       total 38400K, used 3753K [0x00000000c8e00000, 0x00000000cb380000, 0x00000000eda00000)
  object space 38400K, 9% used [0x00000000c8e00000,0x00000000c91aa7f0,0x00000000cb380000)
 Metaspace       used 13806K, capacity 14426K, committed 14720K, reserved 1062912K
  class space    used 1696K, capacity 1843K, committed 1920K, reserved 1048576K
Event: 3.619 GC heap after
Heap after GC invocations=4 (full 0):
 PSYoungGen      total 31744K, used 2032K [0x00000000eda00000, 0x00000000efb00000, 0x0000000100000000)
  eden space 29696K, 0% used [0x00000000eda00000,0x00000000eda00000,0x00000000ef700000)
  from space 2048K, 99% used [0x00000000ef900000,0x00000000efafc010,0x00000000efb00000)
  to   space 2048K, 0% used [0x00000000ef700000,0x00000000ef700000,0x00000000ef900000)
 ParOldGen       total 38400K, used 5703K [0x00000000c8e00000, 0x00000000cb380000, 0x00000000eda00000)
  object space 38400K, 14% used [0x00000000c8e00000,0x00000000c9391e50,0x00000000cb380000)
 Metaspace       used 13806K, capacity 14426K, committed 14720K, reserved 1062912K
  class space    used 1696K, capacity 1843K, committed 1920K, reserved 1048576K
}
Event: 4.145 GC heap before
{Heap before GC invocations=5 (full 0):
 PSYoungGen      total 31744K, used 31728K [0x00000000eda00000, 0x00000000efb00000, 0x0000000100000000)
  eden space 29696K, 100% used [0x00000000eda00000,0x00000000ef700000,0x00000000ef700000)
  from space 2048K, 99% used [0x00000000ef900000,0x00000000efafc010,0x00000000efb00000)
  to   space 2048K, 0% used [0x00000000ef700000,0x00000000ef700000,0x00000000ef900000)
 ParOldGen       total 38400K, used 5703K [0x00000000c8e00000, 0x00000000cb380000, 0x00000000eda00000)
  object space 38400K, 14% used [0x00000000c8e00000,0x00000000c9391e50,0x00000000cb380000)
 Metaspace       used 17757K, capacity 18460K, committed 18560K, reserved 1064960K
  class space    used 2217K, capacity 2370K, committed 2432K, reserved 1048576K
Event: 4.156 GC heap after
Heap after GC invocations=5 (full 0):
 PSYoungGen      total 31744K, used 2032K [0x00000000eda00000, 0x00000000efb00000, 0x0000000100000000)
  eden space 29696K, 0% used [0x00000000eda00000,0x00000000eda00000,0x00000000ef700000)
  from space 2048K, 99% used [0x00000000ef700000,0x00000000ef8fc010,0x00000000ef900000)
  to   space 2048K, 0% used [0x00000000ef900000,0x00000000ef900000,0x00000000efb00000)
 ParOldGen       total 38400K, used 9822K [0x00000000c8e00000, 0x00000000cb380000, 0x00000000eda00000)
  object space 38400K, 25% used [0x00000000c8e00000,0x00000000c97978d8,0x00000000cb380000)
 Metaspace       used 17757K, capacity 18460K, committed 18560K, reserved 1064960K
  class space    used 2217K, capacity 2370K, committed 2432K, reserved 1048576K
}
Event: 5.218 GC heap before
{Heap before GC invocations=6 (full 0):
 PSYoungGen      total 31744K, used 31637K [0x00000000eda00000, 0x00000000efb00000, 0x0000000100000000)
  eden space 29696K, 99% used [0x00000000eda00000,0x00000000ef6e9550,0x00000000ef700000)
  from space 2048K, 99% used [0x00000000ef700000,0x00000000ef8fc010,0x00000000ef900000)
  to   space 2048K, 0% used [0x00000000ef900000,0x00000000ef900000,0x00000000efb00000)
 ParOldGen       total 38400K, used 9822K [0x00000000c8e00000, 0x00000000cb380000, 0x00000000eda00000)
  object space 38400K, 25% used [0x00000000c8e00000,0x00000000c97978d8,0x00000000cb380000)
 Metaspace       used 20152K, capacity 21114K, committed 21248K, reserved 1067008K
  class space    used 2530K, capacity 2725K, committed 2816K, reserved 1048576K
Event: 5.241 GC heap after
Heap after GC invocations=6 (full 0):
 PSYoungGen      total 31744K, used 2016K [0x00000000eda00000, 0x00000000efb00000, 0x0000000100000000)
  eden space 29696K, 0% used [0x00000000eda00000,0x00000000eda00000,0x00000000ef700000)
  from space 2048K, 98% used [0x00000000ef900000,0x00000000efaf8020,0x00000000efb00000)
  to   space 2048K, 0% used [0x00000000ef700000,0x00000000ef700000,0x00000000ef900000)
 ParOldGen       total 38400K, used 13264K [0x00000000c8e00000, 0x00000000cb380000, 0x00000000eda00000)
  object space 38400K, 34% used [0x00000000c8e00000,0x00000000c9af4218,0x00000000cb380000)
 Metaspace       used 20152K, capacity 21114K, committed 21248K, reserved 1067008K
  class space    used 2530K, capacity 2725K, committed 2816K, reserved 1048576K
}
Event: 5.241 GC heap before
{Heap before GC invocations=7 (full 1):
 PSYoungGen      total 31744K, used 2016K [0x00000000eda00000, 0x00000000efb00000, 0x0000000100000000)
  eden space 29696K, 0% used [0x00000000eda00000,0x00000000eda00000,0x00000000ef700000)
  from space 2048K, 98% used [0x00000000ef900000,0x00000000efaf8020,0x00000000efb00000)
  to   space 2048K, 0% used [0x00000000ef700000,0x00000000ef700000,0x00000000ef900000)
 ParOldGen       total 38400K, used 13264K [0x00000000c8e00000, 0x00000000cb380000, 0x00000000eda00000)
  object space 38400K, 34% used [0x00000000c8e00000,0x00000000c9af4218,0x00000000cb380000)
 Metaspace       used 20152K, capacity 21114K, committed 21248K, reserved 1067008K
  class space    used 2530K, capacity 2725K, committed 2816K, reserved 1048576K
Event: 5.334 GC heap after
Heap after GC invocations=7 (full 1):
 PSYoungGen      total 31744K, used 0K [0x00000000eda00000, 0x00000000efb00000, 0x0000000100000000)
  eden space 29696K, 0% used [0x00000000eda00000,0x00000000eda00000,0x00000000ef700000)
  from space 2048K, 0% used [0x00000000ef900000,0x00000000ef900000,0x00000000efb00000)
  to   space 2048K, 0% used [0x00000000ef700000,0x00000000ef700000,0x00000000ef900000)
 ParOldGen       total 32768K, used 6630K [0x00000000c8e00000, 0x00000000cae00000, 0x00000000eda00000)
  object space 32768K, 20% used [0x00000000c8e00000,0x00000000c9479b08,0x00000000cae00000)
 Metaspace       used 20152K, capacity 21114K, committed 21248K, reserved 1067008K
  class space    used 2530K, capacity 2725K, committed 2816K, reserved 1048576K
}

